Generating new Snapshot.txt file...
Enter amounts to be stored on the given addresses.
Amounts can be given as numbers, or with suffixes Ki Mi Gi Ti Pi.
Hit Return without entering an amount to switch to another seed.
Hit return for the first address of a seed assign the remaining IOTA
and finish the process.

Remaining IOTA: 2779530283277761

Seed: CTKUGFMWSWOBCI9SI9LCZJUVSKZEBSLWXFVIAPOIXLGTSKLQGZS9GRWAFOIXRTFZJXQITKBXBDDNYVYPV
  JSCWPFHHWWDVSCJEJNVIOHEDUJBHTQIXKSM9KXLSWCNFWVJRVXJXVDARC9SPEUHILVGWJUOUVYVNWWRZDZKLGKLZRX: 1Gi
  OXRXWCSIHTBDQOTVVZJVIT9OUFAFUOCJOMWEDDPFMWB9GESDHEBJOITLAXLXULHDI9RSVAAKTPZDUXESYSWAWHMGXZ: 

Seed: SXIYCGHYMCDPLZZGSWBCYEIAMVMZOTHUUPORKTYDHJTUYLVHKKDA9OCZSFZCWNYFJJHCDDIRTU9WNSDBW
  PNNOSHESTJHOYXHFTMXAHXEDQJHFP9CBCRWLIG9TGOHZ9FWHNNLFCUPIOBUGICKHCKOCEGQMXNYWAYDODHZTLEPVQD: 2Gi
  OQPVNTLKDPUBVKKUCEKKVGXBYLNJI9JSDNYQHHUIITIPYNLUHICKGOMLLDEXDFWHWMOUEEKDAOXPRUHEXIYTFUNYZA: 

Seed: JOAOKGBUUYOGURTJCFRUTNM9COPLXWVOJVGGGCBYYLBZSDQYKKSRDXYSH9EMIBG9NZIRTBVS9KNNYUDWJ
  NGP9EEYWXKGWKQWMTODNNGRYPOYOKTTXKQUWWIRWSRL9ZVRKNRVONMTDGUILOZKZAMKGYHJXIXVSW9CIALCDIDLRBD: 3Gi
  LUENASQFSVKMQNFAVIIHRQHOADGWSNRVJVVPUESSEUMXCEZXGMGJZEKKIOV9RDVZEJWXVFYCT9TJHWJBWILN9EZRCC: 

Seed: QNSKLUBWWNKHMTXADHFGLGREUBUFXPGENCCSPXKZOBKDGXVHHCYWWLIBAHODGGQXWNIOSURKCEHKDWJSZ
  XUENKGUBJCVFEALYYPNKNUQIDACEZPNFVALPNEBFHGWJJAMKLHYWBZLKCRBTKAKQMQVINIJYWZDFVBGQZF9JARMHUC: 
  XUENKGUBJCVFEALYYPNKNUQIDACEZPNFVALPNEBFHGWJJAMKLHYWBZLKCRBTKAKQMQVINIJYWZDFVBGQZF9JARMHUC: 2779524283277761

Done.
